1729360556927: Trying to log into Pigl3tti
1729360557218: [TPM] Connected to the TPM websocket!
1729360558135: Pigl3tti logged in!
1729360558139: Move check: confirming: true. Instance true. Evaluate false
1729360558440: You have 1 unclaimed achievement reward!
1729360558441: Click here to view it!
1729360558543: [TPM] Started cofl connection!
1729360558546: [Coflnet]: Established connection, loading settings...
1729360559677: [Coflnet]: Hello Pigl3tti (icy******@****l.com) You have Premium until 2024-Nov-06 16:14 UTC
1729360559678: Got connection ID 07021b2d9b1edbeb5133c3ae5e8530be
1729360559678: [Coflnet]:  Your connection id is 07021b2d9b1edbeb5133c3ae5e8530be, copy that if you encounter an error
1729360559684: [Coflnet]:  Found and loaded settings for your connection MinProfit: 1M   Whitelist: 32 Blacklist: 0 : nothing else to do have a nice day :)  : click this if you want to change a setting 
1729360560892: [MVP+] Saraak2565 spooked into the lobby!
1729360560942:    You have reached your Hype limit! Add Hype to Prototype Lobby minigames by right-clicking with the Hype Diamond!
1729360561337: [MVP+] LookinForPears: fr
1729360565350: [MVP+] nolhanNnNn spooked into the lobby!
1729360567103: [MVP+] Lorabolo spooked into the lobby!
1729360567227: {"type":"get","data":"\"json\""}
1729360567462: Sending {"type":"loggedIn","data":"{\"discordID\":\"1033895207357403140\",\"webhook\":[\"https://discord.com/api/webhooks/1223361981877325894/LQj14q0ew9G64lxOZmJ94pkdf2RtiP9aDpOPbvyFq3ostFe6VV_fTww0zU0vCbaDIRO5\"],\"igns\":[\"Pigl3tti\"],\"settings\":[{\"type\":\"settings\",\"data\":\"[{\\\"key\\\":\\\"lbin\\\",\\\"name\\\":\\\"BasedOnLBin\\\",\\\"value\\\":false,\\\"info\\\":\\\"Calculate profit based on lowest bin\\\",\\\"type\\\":\\\"Boolean\\\",\\\"category\\\":\\\"general\\\"},{\\\"key\\\":\\\"finders\\\",\\\"name\\\":\\\"AllowedFinders\\\",\\\"value\\\":\\\"FLIPPER_AND_SNIPERS, USER, TFM, STONKS, CraftCost\\\",\\\"info\\\":\\\"Which algorithms are selected for price estimation\\\",\\\"type\\\":\\\"FinderType\\\",\\\"category\\\":\\\"general\\\"},{\\\"key\\\":\\\"onlyBin\\\",\\\"name\\\":\\\"OnlyBin\\\",\\\"value\\\":true,\\\"info\\\":\\\"Hide all auctions (not buy item now)\\\",\\\"type\\\":\\\"Boolean\\\",\\\"category\\\":\\\"general\\\"},{\\\"key\\\":\\\"whitelistAftermain\\\",\\\"name\\\":\\\"WhitelistAfterMain\\\",\\\"value\\\":false,\\\"info\\\":\\\"whitelisted items will only show if they also meet main filters (min profit etc)\\\",\\\"type\\\":\\\"Boolean\\\",\\\"category\\\":\\\"general\\\"},{\\\"key\\\":\\\"DisableFlips\\\",\\\"name\\\":\\\"DisableFlips\\\",\\\"value\\\":false,\\\"info\\\":\\\"Stop receiving any flips (just use other features) also stops the timer\\\",\\\"type\\\":\\\"Boolean\\\",\\\"category\\\":\\\"general\\\"},{\\\"key\\\":\\\"DebugMode\\\",\\\"name\\\":\\\"DebugMode\\\",\\\"value\\\":false,\\\"info\\\":\\\"Outputs more information to help with debugging issues\\\",\\\"type\\\":\\\"Boolean\\\",\\\"category\\\":\\\"general\\\"},{\\\"key\\\":\\\"blockHighCompetition\\\",\\\"name\\\":\\\"BlockHighCompetitionFlips\\\",\\\"value\\\":false,\\\"info\\\":\\\"Block flips that are probably not purchaseable manually\\\",\\\"type\\\":\\\"Boolean\\\",\\\"category\\\":\\\"general\\\"},{\\\"key\\\":\\\"minProfit\\\",\\\"name\\\":\\\"MinProfit\\\",\\\"value\\\":1000000,\\\"info\\\":\\\"Minimum profit of flips\\\",\\\"type\\\":\\\"Int64\\\",\\\"category\\\":\\\"general\\\"},{\\\"key\\\":\\\"minProfitPercent\\\",\\\"name\\\":\\\"MinProfitPercent\\\",\\\"value\\\":20,\\\"info\\\":\\\"Minimum profit Percentage\\\",\\\"type\\\":\\\"Int32\\\",\\\"category\\\":\\\"general\\\"},{\\\"key\\\":\\\"minVolume\\\",\\\"name\\\":\\\"MinVolume\\\",\\\"value\\\":10.0,\\\"info\\\":\\\"The minimum sales per 24 hours (has decimals)\\\",\\\"type\\\":\\\"Double\\\",\\\"category\\\":\\\"general\\\"},{\\\"key\\\":\\\"maxCost\\\",\\\"name\\\":\\\"MaxCost\\\",\\\"value\\\":10000000000,\\\"info\\\":\\\"Maximium cost of flips\\\",\\\"type\\\":\\\"Int64\\\",\\\"category\\\":\\\"general\\\"},{\\\"key\\\":\\\"modjustProfit\\\",\\\"name\\\":\\\"DisplayJustProfit\\\",\\\"value\\\":true,\\\"info\\\":\\\"Display just the profit\\\",\\\"type\\\":\\\"Boolean\\\",\\\"category\\\":\\\"mod\\\"},{\\\"key\\\":\\\"modsoundOnFlip\\\",\\\"name\\\":\\\"PlaySoundOnFlip\\\",\\\"value\\\":true,\\\"info\\\":\\\"Play a sound when a flip is received\\\",\\\"type\\\":\\\"Boolean\\\",\\\"category\\\":\\\"mod\\\"},{\\\"key\\\":\\\"modshortNumbers\\\",\\\"name\\\":\\\"ShortNumbers\\\",\\\"value\\\":true,\\\"info\\\":\\\"Use M and k to shorten numbers\\\",\\\"type\\\":\\\"Boolean\\\",\\\"category\\\":\\\"mod\\\"},{\\\"key\\\":\\\"modshortNames\\\",\\\"name\\\":\\\"ShortNames\\\",\\\"value\\\":false,\\\"info\\\":\\\"Remove reforges etc from item names\\\",\\\"type\\\":\\\"Boolean\\\",\\\"category\\\":\\\"mod\\\"},{\\\"key\\\":\\\"modblockTenSecMsg\\\",\\\"name\\\":\\\"BlockTenSecondsMsg\\\",\\\"value\\\":false,\\\"info\\\":\\\"Hide the flips in 10 seconds message\\\",\\\"type\\\":\\\"Boolean\\\",\\\"category\\\":\\\"mod\\\"},{\\\"key\\\":\\\"modformat\\\",\\\"name\\\":\\\"Format\\\",\\\"value\\\":\\\"dkcakcbkcreCHIEFbkcakcdkcr: {1}{2} d{4} b a{5} 5lb(+{6} d{7}%) re{0}\\\",\\\"info\\\":\\\"Custom flip message format\\\",\\\"type\\\":\\\"String\\\",\\\"category\\\":\\\"mod\\\"},{\\\"key\\\":\\\"modblockedFormat\\\",\\\"name\\\":\\\"BlockedFormat\\\",\\\"value\\\":null,\\\"info\\\":\\\"Custom flip message format for blocked flips\\\",\\\"type\\\":\\\"String\\\",\\\"category\\\":\\\"mod\\\"},{\\\"key\\\":\\\"modchat\\\",\\\"name\\\":\\\"Chat\\\",\\\"value\\\":true,\\\"info\\\":\\\"Is the chat enabled\\\",\\\"type\\\":\\\"Boolean\\\",\\\"category\\\":\\\"mod\\\"},{\\\"key\\\":\\\"modcountdown\\\",\\\"name\\\":\\\"DisplayTimer\\\",\\\"value\\\":true,\\\"info\\\":\\\"Show the timer\\\",\\\"type\\\":\\\"Boolean\\\",\\\"category\\\":\\\"mod\\\"},{\\\"key\\\":\\\"modhideNoBestFlip\\\",\\\"name\\\":\\\"HideNoBestFlip\\\",\\\"value\\\":false,\\\"info\\\":\\\"Hides the message from the hotkey\\\",\\\"type\\\":\\\"Boolean\\\",\\\"category\\\":\\\"mod\\\"},{\\\"key\\\":\\\"modtimerX\\\",\\\"name\\\":\\\"TimerX\\\",\\\"value\\\":0,\\\"info\\\":\\\"<---> position in percent\\\",\\\"type\\\":\\\"Int32\\\",\\\"category\\\":\\\"mod\\\"},{\\\"key\\\":\\\"modtimerY\\\",\\\"name\\\":\\\"TimerY\\\",\\\"value\\\":0,\\\"info\\\":\\\"up/down position in percent\\\",\\\"type\\\":\\\"Int32\\\",\\\"category\\\":\\\"mod\\\"},{\\\"key\\\":\\\"modtimerSeconds\\\",\\\"name\\\":\\\"TimerSeconds\\\",\\\"value\\\":0,\\\"info\\\":\\\"how many seconds before the update the timer should be shown\\\",\\\"type\\\":\\\"Int32\\\",\\\"category\\\":\\\"mod\\\"},{\\\"key\\\":\\\"modtimerScale\\\",\\\"name\\\":\\\"TimerScale\\\",\\\"value\\\":0.0,\\\"info\\\":\\\"What scale the timer should be displayed with\\\",\\\"type\\\":\\\"Single\\\",\\\"category\\\":\\\"mod\\\"},{\\\"key\\\":\\\"modtimerPrefix\\\",\\\"name\\\":\\\"TimerPrefix\\\",\\\"value\\\":null,\\\"info\\\":\\\"Custom text to put in front of the timer\\\",\\\"type\\\":\\\"String\\\",\\\"category\\\":\\\"mod\\\"},{\\\"key\\\":\\\"modtimerPrecision\\\",\\\"name\\\":\\\"TimerPrecision\\\",\\\"value\\\":0,\\\"info\\\":\\\"How many digits the timer should target (3)\\\",\\\"type\\\":\\\"Int32\\\",\\\"category\\\":\\\"mod\\\"},{\\\"key\\\":\\\"modblockedMsg\\\",\\\"name\\\":\\\"MinutesBetweenBlocked\\\",\\\"value\\\":0,\\\"info\\\":\\\"How many minutes to have pass before showing the x amounts of flips blocked message again, max is 127\\\",\\\"type\\\":\\\"SByte\\\",\\\"category\\\":\\\"mod\\\"},{\\\"key\\\":\\\"modmaxPercentOfPurse\\\",\\\"name\\\":\\\"MaxPercentOfPurse\\\",\\\"value\\\":0,\\\"info\\\":\\\"The maximum amount of your purse you are willing to spend on a single flip\\\",\\\"type\\\":\\\"Int16\\\",\\\"category\\\":\\\"mod\\\"},{\\\"key\\\":\\\"modnoBedDelay\\\",\\\"name\\\":\\\"NoBedDelay\\\",\\\"value\\\":false,\\\"info\\\":\\\"Don't delay bed flips, send them imediately instead\\\",\\\"type\\\":\\\"Boolean\\\",\\\"category\\\":\\\"mod\\\"},{\\\"key\\\":\\\"modstreamerMode\\\",\\\"name\\\":\\\"StreamerMode\\\",\\\"value\\\":false,\\\"info\\\":\\\"Hide any personal data and reduce sounds\\\",\\\"type\\\":\\\"Boolean\\\",\\\"category\\\":\\\"mod\\\"},{\\\"key\\\":\\\"modautoStartFlipper\\\",\\\"name\\\":\\\"AutoStartFlipper\\\",\\\"value\\\":true,\\\"info\\\":\\\"Start showing flips automatically when joining skyblock\\\",\\\"type\\\":\\\"Boolean\\\",\\\"category\\\":\\\"mod\\\"},{\\\"key\\\":\\\"modnormalSoldFlips\\\",\\\"name\\\":\\\"NormalSoldFlips\\\",\\\"value\\\":false,\\\"info\\\":\\\"Don't add [SOLD] to sold flips, send them normally instead\\\",\\\"type\\\":\\\"Boolean\\\",\\\"category\\\":\\\"mod\\\"},{\\\"key\\\":\\\"modtempBlacklistSpam\\\",\\\"name\\\":\\\"TempBlacklistSpam\\\",\\\"value\\\":false,\\\"info\\\":\\\"Autmatically add items to the blacklist for 8 hours if they show up more than 5 times in 2 minutes\\\",\\\"type\\\":\\\"Boolean\\\",\\\"category\\\":\\\"mod\\\"},{\\\"key\\\":\\\"moddataOnlyMode\\\",\\\"name\\\":\\\"AhDataOnlyMode\\\",\\\"value\\\":false,\\\"info\\\":\\\"don't show flips only add useful data\\\",\\\"type\\\":\\\"Boolean\\\",\\\"category\\\":\\\"mod\\\"},{\\\"key\\\":\\\"modahListHours\\\",\\\"name\\\":\\\"AhListTimeTarget\\\",\\\"value\\\":0,\\\"info\\\":\\\"Ah list time target in hours\\\",\\\"type\\\":\\\"Int32\\\",\\\"category\\\":\\\"mod\\\"},{\\\"key\\\":\\\"modquickSell\\\",\\\"name\\\":\\\"QuickSell\\\",\\\"value\\\":false,\\\"info\\\":\\\"Sell items as fast as possible\\\",\\\"type\\\":\\\"Boolean\\\",\\\"category\\\":\\\"mod\\\"},{\\\"key\\\":\\\"modmaxItemsInInventory\\\",\\\"name\\\":\\\"MaxFlipItemsInInventory\\\",\\\"value\\\":0,\\\"info\\\":\\\"The maximum amount of flips to buy and store in inventory\\\",\\\"type\\\":\\\"Int32\\\",\\\"category\\\":\\\"mod\\\"},{\\\"key\\\":\\\"moddisableSpamProtection\\\",\\\"name\\\":\\\"DisableSpamProtection\\\",\\\"value\\\":false,\\\"info\\\":\\\"Disables spam protection. By default only ~5 most valuable flips are shown that fit the settings. CAUTION: This can lead to spam flips\\\",\\\"type\\\":\\\"Boolean\\\",\\\"category\\\":\\\"mod\\\"},{\\\"key\\\":\\\"showcost\\\",\\\"name\\\":\\\"Cost\\\",\\\"value\\\":true,\\\"info\\\":\\\"Show the cost of a flip\\\",\\\"type\\\":\\\"Boolean\\\",\\\"category\\\":\\\"visibility\\\"},{\\\"key\\\":\\\"showestProfit\\\",\\\"name\\\":\\\"EstimatedProfit\\\",\\\"value\\\":true,\\\"info\\\":\\\"Estimated profit, based on estimated sell -(ah tax)\\\",\\\"type\\\":\\\"Boolean\\\",\\\"category\\\":\\\"visibility\\\"},{\\\"key\\\":\\\"showlbin\\\",\\\"name\\\":\\\"LowestBin\\\",\\\"value\\\":false,\\\"info\\\":\\\"Show closest lowest bin (adds a few ms)\\\",\\\"type\\\":\\\"Boolean\\\",\\\"category\\\":\\\"visibility\\\"},{\\\"key\\\":\\\"showslbin\\\",\\\"name\\\":\\\"SecondLowestBin\\\",\\\"value\\\":false,\\\"info\\\":\\\"Second lowest bin (adds a few ms)\\\",\\\"type\\\":\\\"Boolean\\\",\\\"category\\\":\\\"visibility\\\"},{\\\"key\\\":\\\"showmedPrice\\\",\\\"name\\\":\\\"MedianPrice\\\",\\\"value\\\":true,\\\"info\\\":\\\"Show median/target price, equals lbin if sniper\\\",\\\"type\\\":\\\"Boolean\\\",\\\"category\\\":\\\"visibility\\\"},{\\\"key\\\":\\\"showseller\\\",\\\"name\\\":\\\"Seller\\\",\\\"value\\\":false,\\\"info\\\":\\\"Show the sellers name (adds a few ms)\\\",\\\"type\\\":\\\"Boolean\\\",\\\"category\\\":\\\"visibility\\\"},{\\\"key\\\":\\\"showvolume\\\",\\\"name\\\":\\\"Volume\\\",\\\"value\\\":true,\\\"info\\\":\\\"Show the average sell volume in 24 hours\\\",\\\"type\\\":\\\"Boolean\\\",\\\"category\\\":\\\"visibility\\\"},{\\\"key\\\":\\\"showextraFields\\\",\\\"name\\\":\\\"ExtraInfoMax\\\",\\\"value\\\":0,\\\"info\\\":\\\"How many extra information fields to display below the flip\\\",\\\"type\\\":\\\"Int32\\\",\\\"category\\\":\\\"visibility\\\"},{\\\"key\\\":\\\"showprofitPercent\\\",\\\"name\\\":\\\"ProfitPercentage\\\",\\\"value\\\":true,\\\"info\\\":\\\"Show profit percentage\\\",\\\"type\\\":\\\"Boolean\\\",\\\"category\\\":\\\"visibility\\\"},{\\\"key\\\":\\\"showprofit\\\",\\\"name\\\":\\\"Profit\\\",\\\"value\\\":false,\\\"info\\\":\\\"Show absolute amount of profit\\\",\\\"type\\\":\\\"Boolean\\\",\\\"category\\\":\\\"visibility\\\"},{\\\"key\\\":\\\"showsellerOpenBtn\\\",\\\"name\\\":\\\"SellerOpenButton\\\",\\\"value\\\":true,\\\"info\\\":\\\"Display a button to open the sellers ah\\\",\\\"type\\\":\\\"Boolean\\\",\\\"category\\\":\\\"visibility\\\"},{\\\"key\\\":\\\"showlore\\\",\\\"name\\\":\\\"Lore\\\",\\\"value\\\":true,\\\"info\\\":\\\"Show the item description in hover text\\\",\\\"type\\\":\\\"Boolean\\\",\\\"category\\\":\\\"visibility\\\"},{\\\"key\\\":\\\"showhideSold\\\",\\\"name\\\":\\\"HideSoldAuction\\\",\\\"value\\\":false,\\\"info\\\":\\\"Prevents sold auctions from showing\\\",\\\"type\\\":\\\"Boolean\\\",\\\"category\\\":\\\"visibility\\\"},{\\\"key\\\":\\\"showhideManipulated\\\",\\\"name\\\":\\\"HideManipulated\\\",\\\"value\\\":false,\\\"info\\\":\\\"Prevents manipulated bazaar items from showing up\\\",\\\"type\\\":\\\"Boolean\\\",\\\"category\\\":\\\"visibility\\\"},{\\\"key\\\":\\\"privacyCollectChat\\\",\\\"name\\\":\\\"CollectChat\\\",\\\"value\\\":true,\\\"info\\\":\\\"Allow collection of limited amount of chat content to track eg. trades, drops, ah and bazaar events \\\",\\\"type\\\":\\\"Boolean\\\",\\\"category\\\":\\\"privacy\\\"},{\\\"key\\\":\\\"privacyCollectInventory\\\",\\\"name\\\":\\\"CollectInventory\\\",\\\"value\\\":true,\\\"info\\\":\\\"Upload chest and inventory content (required for trade tracking)\\\",\\\"type\\\":\\\"Boolean\\\",\\\"category\\\":\\\"privacy\\\"},{\\\"key\\\":\\\"privacyDisableTradeStoring\\\",\\\"name\\\":\\\"DisableTradeStoring\\\",\\\"value\\\":false,\\\"info\\\":\\\"Stop trades from being stored\\\",\\\"type\\\":\\\"Boolean\\\",\\\"category\\\":\\\"privacy\\\"},{\\\"key\\\":\\\"privacyCollectTab\\\",\\\"name\\\":\\\"CollectTab\\\",\\\"value\\\":false,\\\"info\\\":\\\"Read and upload tab contents when joining server (detect profile type, server and island location)\\\",\\\"type\\\":\\\"Boolean\\\",\\\"category\\\":\\\"privacy\\\"},{\\\"key\\\":\\\"privacyCollectScoreboard\\\",\\\"name\\\":\\\"CollectScoreboard\\\",\\\"value\\\":true,\\\"info\\\":\\\"Read and upload scoreboard peridicly to detect purse\\\",\\\"type\\\":\\\"Boolean\\\",\\\"category\\\":\\\"privacy\\\"},{\\\"key\\\":\\\"privacyCollectInvClick\\\",\\\"name\\\":\\\"CollectInvClick\\\",\\\"value\\\":false,\\\"info\\\":\\\"Collect which item was clicked in chest (not actually used)\\\",\\\"type\\\":\\\"Boolean\\\",\\\"category\\\":\\\"privacy\\\"},{\\\"key\\\":\\\"privacyCollectChatClicks\\\",\\\"name\\\":\\\"CollectChatClicks\\\",\\\"value\\\":true,\\\"info\\\":\\\"Collect clicks on chat messages\\\",\\\"type\\\":\\\"Boolean\\\",\\\"category\\\":\\\"privacy\\\"},{\\\"key\\\":\\\"privacyCollectLobbyChanges\\\",\\\"name\\\":\\\"CollectLobbyChanges\\\",\\\"value\\\":false,\\\"info\\\":\\\"Collect which server you are on\\\",\\\"type\\\":\\\"Boolean\\\",\\\"category\\\":\\\"privacy\\\"},{\\\"key\\\":\\\"privacyCollectEntities\\\",\\\"name\\\":\\\"CollectEntities\\\",\\\"value\\\":false,\\\"info\\\":\\\"Collect entities near you (1.6.x mod feature)\\\",\\\"type\\\":\\\"Boolean\\\",\\\"category\\\":\\\"privacy\\\"},{\\\"key\\\":\\\"privacyCollectLocation\\\",\\\"name\\\":\\\"CollectLocation\\\",\\\"value\\\":false,\\\"info\\\":\\\"Collect player position and orientation\\\",\\\"type\\\":\\\"Boolean\\\",\\\"category\\\":\\\"privacy\\\"},{\\\"key\\\":\\\"privacyExtendDescriptions\\\",\\\"name\\\":\\\"ExtendDescriptions\\\",\\\"value\\\":true,\\\"info\\\":\\\"Extend item descriptions (configure with /cofl lore)\\\",\\\"type\\\":\\\"Boolean\\\",\\\"category\\\":\\\"privacy\\\"},{\\\"key\\\":\\\"privacyAutoStart\\\",\\\"name\\\":\\\"AutoStart\\\",\\\"value\\\":true,\\\"info\\\":\\\"Autostart when joining skyblock\\\",\\\"type\\\":\\\"Boolean\\\",\\\"category\\\":\\\"privacy\\\"},{\\\"key\\\":\\\"loreHighlightFilterMatch\\\",\\\"name\\\":\\\"HighlightFilterMatch\\\",\\\"value\\\":true,\\\"info\\\":\\\"Highlight items in ah and trade windows when matching black or whitelist filter\\\",\\\"type\\\":\\\"Boolean\\\",\\\"category\\\":\\\"general\\\"},{\\\"key\\\":\\\"loreMinProfitForHighlight\\\",\\\"name\\\":\\\"MinProfitForHighlight\\\",\\\"value\\\":0,\\\"info\\\":\\\"What is the minimum profit for highlighting best flip on page\\\",\\\"type\\\":\\\"Int64\\\",\\\"category\\\":\\\"general\\\"}]\"}]}"}
1729360568727: [MVP+] squiduw spooked into the lobby!
1729360569198: [MVP+] GE0RG3: me too
1729360570354: [MVP+] Sn0wMinion spooked into the lobby!
1729360570858: [MVP+] balrs spooked into the lobby!
1729360571660: [MVP+] Not_Skyyyy spooked into the lobby!
1729360572206: [MVP+] Kbaaab spooked into the lobby!
1729360573312: [MVP+] GE0RG3: sigh
1729360573850: [VIP+] Koroxid: sirius just trolling
1729360575454: [MVP+] TheBlockMagic spooked into the lobby!
1729360575926: [MVP+] Omni8268 spooked into the lobby!
1729360576201: [MVP+] CheezedFish spooked into the lobby!
1729360576455: [MVP+] JoseLivia35 spooked into the lobby!
1729360576634: [Coflnet]: Flips in 10 seconds
1729360576981: [MVP+] GaminHen spooked into the lobby!
1729360578199: {"server":"dynamiclobby10D","gametype":"PROTOTYPE","lobbyname":"prototypelobby3"}
1729360580007:  >>> [MVP++] F0_sl spooked into the lobby! <<<
1729360581128: [VIP+] Koroxid: hypixel dev moment
1729360581203: Moving to /skyblock
1729360581203: Set state to moving
1729360581203: Move check: confirming: true. Instance true. Evaluate false
1729360581386: Sending to server mini25AQ...
1729360581669: Move check: confirming: true. Instance false. Evaluate true
1729360584011: Welcome to Hypixel SkyBlock!
1729360584013: MAINTENANCE!
1729360584014:  SkyBlock will be temporarily unavailable on October 21st @ 12am EDT for maintenance.
1729360584016:  Check the status page for more info: https://status.hypixel.net
1729360584016: Latest update: SkyBlock v0.20.7 CLICK
1729360584842: You are playing on profile: Pomegranate
1729360584842: Profile ID: 0449b5a5-2eb7-4d3a-ac97-eee3de7eb2f2
1729360587988: Stripped 5Great Spook Chestplate8! => Great Spook Chestplate
1729360587989: [TPM] Can't open flips while moving :(
1729360587989: Found flip 03f4d0bd99cf421582157be3162a332c
1729360587989: [TPM] Pigl3tti is trying to purchase Great Spook Chestplate! for 6.5M (target 10.9M)
1729360591530: A FIRE SALE A Selling an item for a limited time!    Fenrir Wolf Skin (4,613 left) [WARP] To Elizabeth in the next 3d 22h 3m to grab yours!
1729360598503: [Coflnet]: Your filter blocked 605 in the last minute  
1729360601279: {"server":"mini25AQ","gametype":"SKYBLOCK","mode":"dynamic","map":"Private Island"}
1729360601358: Finding player...
1729360601479: Got new window {"italic":false,"extra":[{"text":"Visit LasagnenFighter"}],"text":""}, 1
1729360601876: Sending a visit request...
1729360602183: not getting ready!!!
1729360602287: Sending to server mini195AM...
1729360602568: Move check: confirming: false. Instance false. Evaluate false
1729360603382: -----------------------------------------------------You should NEVER enter your Microsoft account details anywhere but on official Microsoft services!External links from untrusted sources should be avoided.-----------------------------------------------------
1729360605762: You are playing on profile: Pomegranate
1729360605763: Profile ID: 0449b5a5-2eb7-4d3a-ac97-eee3de7eb2f2
1729360622641: {"server":"mini195AM","gametype":"SKYBLOCK","mode":"dynamic","map":"Private Island"}
1729360622642: Set state to getting ready
1729360623070: Recent purse null. Current found 74334794. Recent: null
1729360623070: getting ready!
1729360623111: Got new window {"italic":false,"extra":[{"text":"Profile Management"}],"text":""}, 1
1729360623365: max slots set to 14
1729360623709: Recent purse 74334794. Current found 74334794. Recent: null
1729360623714: Move check: confirming: false. Instance false. Evaluate false
1729360623715: [TPM] Cookie gone!!!
1729360623715: Set state to null
1729360623715: No window found for closing
1729360623715: You need the Cookie Buff to use this command!
1729360623717: Obtain a Booster Cookie from the community shop in the hub!
1729360628637: No window found for clicking 15
1729360633643: Error getting relist ready! Not going to use relist for Pigl3tti TypeError: Cannot read properties of null (reading 'slots')
1729360633643: No window found for closing
1729360633643: Set state to null
1729360636639: [Coflnet]: Flips in 10 seconds
1729360643785: {"server":"mini195AM","gametype":"SKYBLOCK","mode":"dynamic","map":"Private Island"}
1729360646787: Moving to /hub
1729360646788: Set state to moving
1729360646788: Move check: confirming: true. Instance true. Evaluate false
1729360646919: Warping...
1729360647055: Sending to server mini233H...
1729360647248: Move check: confirming: true. Instance false. Evaluate true
1729360648555: Stripped 6Necrotic Wise Dragon Boots 68! => Necrotic Wise Dragon Boots 
1729360648556: [TPM] Can't open flips while moving :(
1729360648556: Found flip e888c2d2528f40b1a96a291a3c68282c
1729360648557: [TPM] Pigl3tti is trying to purchase Necrotic Wise Dragon Boots ! for 1.5M (target 3.0M)
1729360648581: Stripped 9Skeleton's Helmet8! => Skeleton's Helmet
1729360648581: [TPM] Can't open flips while moving :(
1729360648581: Found flip 952f90d77bc64654850f92e83de796bb
1729360648581: [TPM] Pigl3tti is trying to purchase Skeleton's Helmet! for 50.0K (target 896.9K)
1729360648673: Stripped 6Bat Ring8! => Bat Ring
1729360648673: [TPM] Can't open flips while moving :(
1729360648673: Found flip 08209b4a49904658b2dd16f19b983d02
1729360648673: [TPM] Pigl3tti is trying to purchase Bat Ring! for 2.0M (target 5.3M)
1729360650573: You are playing on profile: Pomegranate
1729360650573: Profile ID: 0449b5a5-2eb7-4d3a-ac97-eee3de7eb2f2
1729360659189: [Coflnet]: Your filter blocked 550 in the last minute  
1729360666830: {"server":"mini233H","gametype":"SKYBLOCK","mode":"hub","map":"Hub"}
1729360666830: Set state to null
1729360696660: [Coflnet]: Flips in 10 seconds
1729360718190: [Coflnet]: Your filter blocked 764 in the last minute  
1729360756701: [Coflnet]: Flips in 10 seconds
1729360767683: Stripped 6Reinforced Necromancer Lord Leggings 68! => Reinforced Necromancer Lord Leggings 
1729360767684: [TPM] Opening Reinforced Necromancer Lord Leggings !
1729360767684: Set state to buying
1729360767684: Found flip 8465b51454b9406a807d77b89a469b6a
1729360767684: [TPM] Pigl3tti is trying to purchase Reinforced Necromancer Lord Leggings ! for 3.2M (target 4.1M)
1729360767687: Stripped 9Great Spook Artifact8! => Great Spook Artifact
1729360767687: [{"action":{"finder":"TFM","profit":7430000,"tag":"GREAT_SPOOK_ARTIFACT","itemName":"9Great Spook Artifact8!","auctionID":"3739c6a7b34d46cf8b706c9e8ab7b770"},"state":"buying","priority":0}]
1729360767687: [TPM] Great Spook Artifact! added to pipeline because state is buying and last action was too recent!
1729360767687: Found flip 3739c6a7b34d46cf8b706c9e8ab7b770
1729360767687: [TPM] Pigl3tti is trying to purchase Great Spook Artifact! for 11.0M (target 19.0M)
1729360767691: Stripped 6Zorro's Cape8! => Zorro's Cape
1729360767691: [{"action":{"finder":"TFM","profit":7430000,"tag":"GREAT_SPOOK_ARTIFACT","itemName":"9Great Spook Artifact8!","auctionID":"3739c6a7b34d46cf8b706c9e8ab7b770"},"state":"buying","priority":0},{"action":{"finder":"SNIPER","profit":3329020,"tag":"ZORROS_CAPE","itemName":"6Zorro's Cape8!","auctionID":"7e5edc828af340c38648a1bc40183cbb"},"state":"buying","priority":0}]
1729360767691: [TPM] Zorro's Cape! added to pipeline because state is buying and last action was too recent!
1729360767691: Found flip 7e5edc828af340c38648a1bc40183cbb
1729360767691: [TPM] Pigl3tti is trying to purchase Zorro's Cape! for 5.0M (target 8.5M)
1729360767802: Got new window {"italic":false,"extra":[{"text":"BIN Auction View"}],"text":""}, 1
1729360767808: Found gold_nugget on 2
1729360767811: [TPM] Used skip because you have skip always enabled in config
1729360767852: Got new window {"italic":false,"extra":[{"text":"Confirm Purchase"}],"text":""}, 2
1729360767852: [TPM] Confirm at 50ms
1729360767852: Set state to null
1729360767854: [TPM] Auction bought in 52ms
1729360767855: Putting coins in escrow...
1729360767858: Processing purchase...
1729360767907: Stripped Reinforced Necromancer Lord Leggings  => Reinforced Necromancer Lord Leggings 
1729360767907: {"auctionID":"8465b51454b9406a807d77b89a469b6a","target":4054864,"profit":803766.7199999997,"bed":"NUGGET","finder":"TFM"}
1729360767907: Reinforced Necromancer Lord Leggings :3170000
1729360767908: Recent purse 74334794. Current found 74334804. Recent: true
1729360767914: {"target":4054864,"profit":803766.7199999997,"itemName":"6Reinforced Necromancer Lord Leggings 68!","finder":"TFM","tag":"NECROMANCER_LORD_LEGGINGS","weirdItemName":"Reinforced Necromancer Lord Leggings ","pricePaid":3170000}
1729360767914: You purchased Reinforced Necromancer Lord Leggings  for 3,170,000 coins!
1729360767914: Claiming BIN auction...
1729360767999: You claimed Reinforced Necromancer Lord Leggings  from [VIP] saamaltmen's auction!
1729360768408: Set state to buying
1729360768498: Got new window {"italic":false,"extra":[{"text":"BIN Auction View"}],"text":""}, 3
1729360768501: Found feather on 2
1729360768533: Found potato on 5
1729360768533: [TPM] Potatoed :(
1729360768533: Set state to null
1729360768921: Set state to buying
1729360769051: Got new window {"italic":false,"extra":[{"text":"BIN Auction View"}],"text":""}, 4
1729360769052: Found feather on 1
1729360769077: Found potato on 5
1729360769078: [TPM] Potatoed :(
1729360769078: Set state to null
1729360771505: Stripped 6Sorrow Helmet8! => Sorrow Helmet
1729360771506: [TPM] Opening Sorrow Helmet!
1729360771506: Set state to buying
1729360771506: Found flip 342a3c0ae4b94f3c811803caee3f21a2
1729360771506: [TPM] Pigl3tti is trying to purchase Sorrow Helmet! for 2.0M (target 3.3M)
1729360771607: Got new window {"italic":false,"extra":[{"text":"BIN Auction View"}],"text":""}, 5
1729360771610: Found bed on 2
1729360771610: [TPM] Found a bed!
1729360771809: This BIN sale is still in its grace period!
1729360771905: This BIN sale is still in its grace period!
1729360772029: This BIN sale is still in its grace period!
1729360772179: This BIN sale is still in its grace period!
1729360772328: This BIN sale is still in its grace period!
1729360772430: This BIN sale is still in its grace period!
1729360772579: This BIN sale is still in its grace period!
1729360772678: This BIN sale is still in its grace period!
1729360772797: This BIN sale is still in its grace period!
1729360772921: Recent purse 74334804. Current found 71164804. Recent: null
1729360772947: This BIN sale is still in its grace period!
1729360773047: This BIN sale is still in its grace period!
1729360773207: This BIN sale is still in its grace period!
1729360773371: This BIN sale is still in its grace period!
1729360773427: {"type":"uploadScoreboard","data":"[\"10/19/24 m233H\",\"  \",\" Early Winter 10th\",\" 5:20am \",\"  Village\",\"      \",\"Purse: 71,164,804\",\"Bits: 18,650\",\"         \",\"Carnival 57:00:28\",\"           \",\"www.hypixel.net\"]"}
1729360773449: This BIN sale is still in its grace period!
1729360773600: This BIN sale is still in its grace period!
1729360773697: This BIN sale is still in its grace period!
1729360773849: This BIN sale is still in its grace period!
1729360774046: This BIN sale is still in its grace period!
1729360774109: This BIN sale is still in its grace period!
1729360774256: This BIN sale is still in its grace period!
1729360774352: This BIN sale is still in its grace period!
1729360774501: Got new window {"italic":false,"extra":[{"text":"Confirm Purchase"}],"text":""}, 6
1729360774502: [TPM] Confirm at 2893ms
1729360774502: Set state to null
1729360774554: [TPM] Auction bought in 2945ms
1729360774555: Putting coins in escrow...
1729360774560: Processing purchase...
1729360774642: Stripped Sorrow Helmet => Sorrow Helmet
1729360774642: {"auctionID":"342a3c0ae4b94f3c811803caee3f21a2","target":3339000,"profit":1272220,"bed":"BED","finder":"SNIPER"}
1729360774642: Sorrow Helmet:2000000
1729360774643: Recent purse 71164804. Current found 71164804. Recent: true
1729360774646: {"target":3339000,"profit":1272220,"itemName":"6Sorrow Helmet8!","finder":"SNIPER","tag":"SORROW_HELMET","weirdItemName":"Sorrow Helmet","pricePaid":2000000}
1729360774647: You purchased Sorrow Helmet for 2,000,000 coins!
1729360774647: Claiming BIN auction...
1729360774672: You claimed Sorrow Helmet from [VIP] 0neFour's auction!
1729360775083: Clearing bed spam because of undefined count false true  
1729360779660: Recent purse 71164804. Current found 69164804. Recent: null
1729360780148: {"type":"uploadScoreboard","data":"[\"10/19/24 m233H\",\"  \",\" Early Winter 10th\",\" 5:30am \",\"  Village\",\"      \",\"Purse: 69,164,804\",\"Bits: 18,650\",\"         \",\"Carnival 57:00:20\",\"           \",\"www.hypixel.net\"]"}
1729360781982: [Coflnet]: Your filter blocked 730 in the last minute  
1729360786371: Stripped 6Sorrow Leggings => Sorrow Leggings
1729360786372: [TPM] Opening Sorrow Leggings
1729360786372: Set state to buying
1729360786372: Found flip 866ad9b2e22a4733ac30e8033f500655
1729360786372: [TPM] Pigl3tti is trying to purchase Sorrow Leggings for 2.8M (target 4.0M)
1729360786427: Got new window {"italic":false,"extra":[{"text":"BIN Auction View"}],"text":""}, 7
1729360786430: Found feather on 2
1729360786435: Found potato on 3
1729360786436: [TPM] Potatoed :(
1729360786436: Set state to null
1729360796877: [Coflnet]: Your filter blocked 14 in the last minute  
1729360798199: Stripped 6Sorrow Chestplate => Sorrow Chestplate
1729360798200: [TPM] Opening Sorrow Chestplate
1729360798200: Set state to buying
1729360798200: Found flip bd5a92ba9c62455799fe1b9cf2c83e90
1729360798201: [TPM] Pigl3tti is trying to purchase Sorrow Chestplate for 3.0M (target 4.5M)
1729360798277: Got new window {"italic":false,"extra":[{"text":"BIN Auction View"}],"text":""}, 8
1729360798277: Found potato on 1
1729360798277: [TPM] Potatoed :(
1729360798277: Set state to null
1729360808712: [Coflnet]: Your filter blocked 21 in the last minute  
1729360816636: [Coflnet]: Flips in 10 seconds
1729360819483: [WATCHDOG ANNOUNCEMENT]
1729360819484: Watchdog has banned 10,388 players in the last 7 days.
1729360819484: Staff have banned an additional 12,930 in the last 7 days.
1729360819484: Blacklisted modifications are a bannable offense!
1729360827342: Stripped 6Aurora Staff8! => Aurora Staff
1729360827342: [TPM] Opening Aurora Staff!
1729360827342: Set state to buying
1729360827342: Found flip 9f16326f01384bf1803c52ebd1dc4d3b
1729360827342: [TPM] Pigl3tti is trying to purchase Aurora Staff! for 2.0M (target 2.9M)
1729360827507: Got new window {"italic":false,"extra":[{"text":"BIN Auction View"}],"text":""}, 9
1729360827508: Found feather on 2
1729360827543: Found potato on 9
1729360827543: [TPM] Potatoed :(
1729360827543: Set state to null
1729360829280: Stripped 9Spider's Boots => Spider's Boots
1729360829280: [TPM] Opening Spider's Boots
1729360829280: Set state to buying
1729360829280: Found flip af9b7eb75b9c4b9888233cecf4ec9e2f
1729360829280: [TPM] Pigl3tti is trying to purchase Spider's Boots for 74.0K (target 854.0K)
1729360829363: Got new window {"italic":false,"extra":[{"text":"BIN Auction View"}],"text":""}, 10
1729360829365: Found feather on 1
1729360829427: Found potato on 10
1729360829427: [TPM] Potatoed :(
1729360829428: Set state to null
1729360832539: Stripped cGolden Gift8! => Golden Gift
1729360832540: [TPM] Opening Golden Gift!
1729360832540: Set state to buying
1729360832540: Found flip 54ee2a0c770249629f69470ac0737d87
1729360832540: [TPM] Pigl3tti is trying to purchase Golden Gift! for 7.8M (target 9.7M)
1729360832641: Got new window {"italic":false,"extra":[{"text":"BIN Auction View"}],"text":""}, 11
1729360832643: Found bed on 2
1729360832643: [TPM] Found a bed!
1729360832876: This BIN sale is still in its grace period!
1729360832947: This BIN sale is still in its grace period!
1729360833104: This BIN sale is still in its grace period!
1729360833284: This BIN sale is still in its grace period!
1729360833324: This BIN sale is still in its grace period!
1729360833474: This BIN sale is still in its grace period!
1729360833594: This BIN sale is still in its grace period!
1729360833740: This BIN sale is still in its grace period!
1729360833844: This BIN sale is still in its grace period!
1729360833991: This BIN sale is still in its grace period!
1729360834139: This BIN sale is still in its grace period!
1729360834266: This BIN sale is still in its grace period!
1729360834390: This BIN sale is still in its grace period!
1729360834541: This BIN sale is still in its grace period!
1729360834639: This BIN sale is still in its grace period!
1729360834790: This BIN sale is still in its grace period!
1729360834892: This BIN sale is still in its grace period!
1729360835049: This BIN sale is still in its grace period!
1729360835143: This BIN sale is still in its grace period!
1729360835293: This BIN sale is still in its grace period!
1729360835408: This BIN sale is still in its grace period!
1729360835556: Got new window {"italic":false,"extra":[{"text":"Confirm Purchase"}],"text":""}, 12
1729360835556: [TPM] Confirm at 2915ms
1729360835556: Set state to null
1729360835610: [TPM] Auction bought in 2969ms
1729360835610: Putting coins in escrow...
1729360835611: Processing purchase...
1729360835682: Stripped Golden Gift => Golden Gift
1729360835682: {"auctionID":"54ee2a0c770249629f69470ac0737d87","target":9699000,"profit":1685020,"bed":"BED","finder":"SNIPER"}
1729360835682: Golden Gift:7820000
1729360835683: Recent purse 69164804. Current found 69164809. Recent: true
1729360835684: {"target":9699000,"profit":1685020,"itemName":"cGolden Gift8!","finder":"SNIPER","tag":"GOLD_GIFT","weirdItemName":"Golden Gift","pricePaid":7820000}
1729360835685: You purchased Golden Gift for 7,820,000 coins!
1729360835685: Claiming BIN auction...
1729360835740: You claimed Golden Gift from [VIP] Hypothec's auction!
1729360836152: Clearing bed spam because of undefined count false true  
1729360840691: Recent purse 69164809. Current found 61344809. Recent: null
1729360841188: {"type":"uploadScoreboard","data":"[\"10/19/24 m233H\",\"  \",\" Early Winter 10th\",\" 6:40am \",\"  Village\",\"      \",\"Purse: 61,344,809\",\"Bits: 18,650\",\"         \",\"Carnival 56:59:20\",\"           \",\"www.hypixel.net\"]"}
1729360843037: [Coflnet]: Your filter blocked 604 in the last minute  
1729360876628: [Coflnet]: Flips in 10 seconds
1729360892831: Stripped 6Wise Dragon Helmet => Wise Dragon Helmet
1729360892832: [TPM] Opening Wise Dragon Helmet
1729360892832: Set state to buying
1729360892832: Found flip b20de557527347229a816cf4db765fd3
1729360892832: [TPM] Pigl3tti is trying to purchase Wise Dragon Helmet for 800.0K (target 1.6M)
1729360892937: Got new window {"italic":false,"extra":[{"text":"BIN Auction View"}],"text":""}, 13
1729360892938: Found bed on 1
1729360892938: [TPM] Found a bed!
1729360892939: Stripped 6Heroic Florid Zombie Sword => Heroic Florid Zombie Sword
1729360892939: [{"action":{"finder":"STONKS","profit":2062673.2199999997,"tag":"FLORID_ZOMBIE_SWORD","itemName":"6Heroic Florid Zombie Sword","auctionID":"18acc75be1494a4fb00609d2c19ca2a9"},"state":"buying","priority":0}]
1729360892939: [TPM] Heroic Florid Zombie Sword added to pipeline because BIN Auction View is open and state is buying and last action was too recent!
1729360892939: Found flip 18acc75be1494a4fb00609d2c19ca2a9
1729360892939: [TPM] Pigl3tti is trying to purchase Heroic Florid Zombie Sword for 2.5M (target 4.7M)
1729360893141: This BIN sale is still in its grace period!
1729360893279: This BIN sale is still in its grace period!
1729360893319: Stripped 6Heroic Florid Zombie Sword => Heroic Florid Zombie Sword
1729360893320: [{"action":{"finder":"STONKS","profit":2062673.2199999997,"tag":"FLORID_ZOMBIE_SWORD","itemName":"6Heroic Florid Zombie Sword","auctionID":"18acc75be1494a4fb00609d2c19ca2a9"},"state":"buying","priority":0},{"action":{"finder":"STONKS","profit":2082673.2199999997,"tag":"FLORID_ZOMBIE_SWORD","itemName":"6Heroic Florid Zombie Sword","auctionID":"4edf312338c446e3af638c658d1f3119"},"state":"buying","priority":0}]
1729360893320: [TPM] Heroic Florid Zombie Sword added to pipeline because BIN Auction View is open and state is buying!
1729360893320: Found flip 4edf312338c446e3af638c658d1f3119
1729360893321: [TPM] Pigl3tti is trying to purchase Heroic Florid Zombie Sword for 2.5M (target 4.7M)
1729360893380: This BIN sale is still in its grace period!
1729360893529: This BIN sale is still in its grace period!
1729360893633: This BIN sale is still in its grace period!
1729360893780: This BIN sale is still in its grace period!
1729360893932: Got new window {"italic":false,"extra":[{"text":"Confirm Purchase"}],"text":""}, 14
1729360893933: [TPM] Confirm at 996ms
1729360893934: Set state to null
1729360894000: [TPM] Auction bought in 1063ms
1729360894001: Putting coins in escrow...
1729360894001: Processing purchase...
1729360894037: There was an error with the auction house! (AUCTION_EXPIRED_OR_NOT_FOUND)
1729360894042: Checking escrow for recent transaction...
1729360894042: Escrow refunded 800,000 coins for BIN Auction Buy!
1729360894279: Set state to buying
1729360894340: Got new window {"italic":false,"extra":[{"text":"BIN Auction View"}],"text":""}, 15
1729360894356: Found gold_nugget on 2
1729360894357: [TPM] Used skip because you have skip always enabled in config
1729360894432: Got new window {"italic":false,"extra":[{"text":"Confirm Purchase"}],"text":""}, 16
1729360894432: [TPM] Confirm at 92ms
1729360894432: Set state to null
1729360894434: [TPM] Auction bought in 94ms
1729360894434: Putting coins in escrow...
1729360894448: Processing purchase...
1729360894504: Stripped Heroic Florid Zombie Sword => Heroic Florid Zombie Sword
1729360894504: {"auctionID":"18acc75be1494a4fb00609d2c19ca2a9","target":4655789,"profit":2062673.2199999997,"bed":"NUGGET","finder":"STONKS"}
1729360894504: Heroic Florid Zombie Sword:2500000
1729360894505: Recent purse 61344809. Current found 61344814. Recent: true
1729360894507: {"target":4655789,"profit":2062673.2199999997,"itemName":"6Heroic Florid Zombie Sword","finder":"STONKS","tag":"FLORID_ZOMBIE_SWORD","weirdItemName":"Heroic Florid Zombie Sword","pricePaid":2500000}
1729360894507: You purchased Heroic Florid Zombie Sword for 2,500,000 coins!
1729360894507: Claiming BIN auction...
1729360894512: Clearing bed spam because of undefined count true true  
1729360894555: You claimed Heroic Florid Zombie Sword from [MVP+] MqnsterGG's auction!
1729360894792: Set state to buying
1729360894883: Got new window {"italic":false,"extra":[{"text":"BIN Auction View"}],"text":""}, 17
1729360894899: Found bed on 2
1729360894900: [TPM] Found a bed!
1729360895117: This BIN sale is still in its grace period!
1729360895229: This BIN sale is still in its grace period!
1729360895399: This BIN sale is still in its grace period!
1729360895465: Stripped cGod Potion => God Potion
1729360895465: [{"action":{"finder":"SNIPER","profit":1958520,"tag":"GOD_POTION_2","itemName":"cGod Potion","auctionID":"fd26927e68b04c26a87a026e86d3a8a3"},"state":"buying","priority":0}]
1729360895465: [TPM] God Potion added to pipeline because BIN Auction View is open and state is buying!
1729360895465: Found flip fd26927e68b04c26a87a026e86d3a8a3
1729360895465: [TPM] Pigl3tti is trying to purchase God Potion for 500 (target 2.0M)
1729360895481: This BIN sale is still in its grace period!
1729360895652: This BIN sale is still in its grace period!
1729360895788: This BIN sale is still in its grace period!
1729360895877: This BIN sale is still in its grace period!
1729360896026: This BIN sale is still in its grace period!
1729360896126: This BIN sale is still in its grace period!
1729360896276: This BIN sale is still in its grace period!
1729360896426: Got new window {"italic":false,"extra":[{"text":"Confirm Purchase"}],"text":""}, 18
1729360896426: [TPM] Confirm at 1543ms
1729360896427: Set state to null
1729360896477: [TPM] Auction bought in 1593ms
1729360896478: Putting coins in escrow...
1729360896483: Processing purchase...
1729360896582: Stripped Heroic Florid Zombie Sword => Heroic Florid Zombie Sword
1729360896583: {"auctionID":"4edf312338c446e3af638c658d1f3119","target":4655789,"profit":2082673.2199999997,"bed":"NUGGET","finder":"STONKS"}
1729360896583: Heroic Florid Zombie Sword:2480000
1729360896583: Recent purse 61344814. Current found 58844814. Recent: true
1729360896584: {"target":4655789,"profit":2082673.2199999997,"itemName":"6Heroic Florid Zombie Sword","finder":"STONKS","tag":"FLORID_ZOMBIE_SWORD","weirdItemName":"Heroic Florid Zombie Sword","pricePaid":2480000}
1729360896584: You purchased Heroic Florid Zombie Sword for 2,480,000 coins!
1729360896584: Claiming BIN auction...
1729360896643: You claimed Heroic Florid Zombie Sword from [VIP] MASNAKURCINA's auction!
1729360896860: Set state to buying
1729360897007: Got new window {"italic":false,"extra":[{"text":"BIN Auction View"}],"text":""}, 19
1729360897008: Found feather on 2
1729360897037: Clearing bed spam true true BIN Auction View feather
1729360897047: Found potato on 4
1729360897047: [TPM] Potatoed :(
1729360897047: Set state to null
1729360899507: Recent purse 61344814. Current found 56364814. Recent: null
1729360900018: {"type":"uploadScoreboard","data":"[\"10/19/24 m233H\",\"  \",\" Early Winter 10th\",\" 7:50am \",\"  Village\",\"      \",\"Purse: 56,364,814\",\"Bits: 18,650\",\"         \",\"Carnival 56:58:23\",\"           \",\"www.hypixel.net\"]"}
1729360901599: Recent purse 56364814. Current found 56364814. Recent: null
1729360902089: {"type":"uploadScoreboard","data":"[\"10/19/24 m233H\",\"  \",\" Early Winter 10th\",\" 8:00am \",\"  Village\",\"      \",\"Purse: 56,364,814\",\"Bits: 18,650\",\"         \",\"Carnival 56:58:20\",\"           \",\"www.hypixel.net\"]"}
