1729360402462: Trying to log into Pigl3tti
1729360402746: [TPM] Connected to the TPM websocket!
1729360403506: AxiosError: Request failed with status code 429
1729360403532: AxiosError: Request failed with status code 429
1729360403552: AxiosError: Request failed with status code 429
1729360403553: Pigl3tti logged in!
1729360403554: Move check: confirming: true. Instance true. Evaluate false
1729360403560: Move check: confirming: true. Instance false. Evaluate true
1729360403914: You have 1 unclaimed achievement reward!
1729360403917: Click here to view it!
1729360403986: [TPM] Started cofl connection!
1729360403988: [Coflnet]: Established connection, loading settings...
1729360404016: [MVP+] 8joh spooked into the lobby!
1729360404523: [Coflnet]: Hello Pigl3tti (icy******@****l.com) You have Premium until 2024-Nov-06 16:14 UTC
1729360404523: Got connection ID fd2161fe3c2911132f63f3770f59a3c8
1729360404523: [Coflnet]:  Your connection id is fd2161fe3c2911132f63f3770f59a3c8, copy that if you encounter an error
1729360404525: [Coflnet]:  Found and loaded settings for your connection MinProfit: 1M   Whitelist: 32 Blacklist: 0 : nothing else to do have a nice day :)  : click this if you want to change a setting 
1729360406416:    You have reached your Hype limit! Add Hype to Prototype Lobby minigames by right-clicking with the Hype Diamond!
1729360407093: Stripped 6Wise Final Destination Boots8! => Wise Final Destination Boots
1729360407094: [TPM] Can't open flips while moving :(
1729360407094: Found flip e4af85ced2ea467d8f335c10237016ab
1729360407095: [TPM] Pigl3tti is trying to purchase Wise Final Destination Boots! for 1.4M (target 2.6M)
1729360407132: Stripped dPrestige Chocolate Realm8! => Prestige Chocolate Realm
1729360407133: [TPM] Can't open flips while moving :(
1729360407133: Found flip 771076f5907545dfa889a80fe7199270
1729360407133: [TPM] Pigl3tti is trying to purchase Prestige Chocolate Realm! for 7.0M (target 10.3M)
1729360408625: [MVP+] Carrytron spooked into the lobby!
1729360409078: [MVP+] sakage7 spooked into the lobby!
1729360410577: [MVP+] fabianmuc spooked into the lobby!
1729360410588: Stripped 9Creeper Pants => Creeper Pants
1729360410589: [TPM] Can't open flips while moving :(
1729360410589: Found flip bc76b9abd8f049ccbbb33c40d6c82c7e
1729360410589: [TPM] Pigl3tti is trying to purchase Creeper Pants for 1.6M (target 2.7M)
1729360412759: {"type":"get","data":"\"json\""}
1729360413092: Sending {"type":"loggedIn","data":"{\"discordID\":\"1033895207357403140\",\"webhook\":[\"https://discord.com/api/webhooks/1223361981877325894/LQj14q0ew9G64lxOZmJ94pkdf2RtiP9aDpOPbvyFq3ostFe6VV_fTww0zU0vCbaDIRO5\"],\"igns\":[\"Pigl3tti\"],\"settings\":[{\"type\":\"settings\",\"data\":\"[{\\\"key\\\":\\\"lbin\\\",\\\"name\\\":\\\"BasedOnLBin\\\",\\\"value\\\":false,\\\"info\\\":\\\"Calculate profit based on lowest bin\\\",\\\"type\\\":\\\"Boolean\\\",\\\"category\\\":\\\"general\\\"},{\\\"key\\\":\\\"finders\\\",\\\"name\\\":\\\"AllowedFinders\\\",\\\"value\\\":\\\"FLIPPER_AND_SNIPERS, USER, TFM, STONKS, CraftCost\\\",\\\"info\\\":\\\"Which algorithms are selected for price estimation\\\",\\\"type\\\":\\\"FinderType\\\",\\\"category\\\":\\\"general\\\"},{\\\"key\\\":\\\"onlyBin\\\",\\\"name\\\":\\\"OnlyBin\\\",\\\"value\\\":true,\\\"info\\\":\\\"Hide all auctions (not buy item now)\\\",\\\"type\\\":\\\"Boolean\\\",\\\"category\\\":\\\"general\\\"},{\\\"key\\\":\\\"whitelistAftermain\\\",\\\"name\\\":\\\"WhitelistAfterMain\\\",\\\"value\\\":false,\\\"info\\\":\\\"whitelisted items will only show if they also meet main filters (min profit etc)\\\",\\\"type\\\":\\\"Boolean\\\",\\\"category\\\":\\\"general\\\"},{\\\"key\\\":\\\"DisableFlips\\\",\\\"name\\\":\\\"DisableFlips\\\",\\\"value\\\":false,\\\"info\\\":\\\"Stop receiving any flips (just use other features) also stops the timer\\\",\\\"type\\\":\\\"Boolean\\\",\\\"category\\\":\\\"general\\\"},{\\\"key\\\":\\\"DebugMode\\\",\\\"name\\\":\\\"DebugMode\\\",\\\"value\\\":false,\\\"info\\\":\\\"Outputs more information to help with debugging issues\\\",\\\"type\\\":\\\"Boolean\\\",\\\"category\\\":\\\"general\\\"},{\\\"key\\\":\\\"blockHighCompetition\\\",\\\"name\\\":\\\"BlockHighCompetitionFlips\\\",\\\"value\\\":false,\\\"info\\\":\\\"Block flips that are probably not purchaseable manually\\\",\\\"type\\\":\\\"Boolean\\\",\\\"category\\\":\\\"general\\\"},{\\\"key\\\":\\\"minProfit\\\",\\\"name\\\":\\\"MinProfit\\\",\\\"value\\\":1000000,\\\"info\\\":\\\"Minimum profit of flips\\\",\\\"type\\\":\\\"Int64\\\",\\\"category\\\":\\\"general\\\"},{\\\"key\\\":\\\"minProfitPercent\\\",\\\"name\\\":\\\"MinProfitPercent\\\",\\\"value\\\":20,\\\"info\\\":\\\"Minimum profit Percentage\\\",\\\"type\\\":\\\"Int32\\\",\\\"category\\\":\\\"general\\\"},{\\\"key\\\":\\\"minVolume\\\",\\\"name\\\":\\\"MinVolume\\\",\\\"value\\\":10.0,\\\"info\\\":\\\"The minimum sales per 24 hours (has decimals)\\\",\\\"type\\\":\\\"Double\\\",\\\"category\\\":\\\"general\\\"},{\\\"key\\\":\\\"maxCost\\\",\\\"name\\\":\\\"MaxCost\\\",\\\"value\\\":10000000000,\\\"info\\\":\\\"Maximium cost of flips\\\",\\\"type\\\":\\\"Int64\\\",\\\"category\\\":\\\"general\\\"},{\\\"key\\\":\\\"modjustProfit\\\",\\\"name\\\":\\\"DisplayJustProfit\\\",\\\"value\\\":true,\\\"info\\\":\\\"Display just the profit\\\",\\\"type\\\":\\\"Boolean\\\",\\\"category\\\":\\\"mod\\\"},{\\\"key\\\":\\\"modsoundOnFlip\\\",\\\"name\\\":\\\"PlaySoundOnFlip\\\",\\\"value\\\":true,\\\"info\\\":\\\"Play a sound when a flip is received\\\",\\\"type\\\":\\\"Boolean\\\",\\\"category\\\":\\\"mod\\\"},{\\\"key\\\":\\\"modshortNumbers\\\",\\\"name\\\":\\\"ShortNumbers\\\",\\\"value\\\":true,\\\"info\\\":\\\"Use M and k to shorten numbers\\\",\\\"type\\\":\\\"Boolean\\\",\\\"category\\\":\\\"mod\\\"},{\\\"key\\\":\\\"modshortNames\\\",\\\"name\\\":\\\"ShortNames\\\",\\\"value\\\":false,\\\"info\\\":\\\"Remove reforges etc from item names\\\",\\\"type\\\":\\\"Boolean\\\",\\\"category\\\":\\\"mod\\\"},{\\\"key\\\":\\\"modblockTenSecMsg\\\",\\\"name\\\":\\\"BlockTenSecondsMsg\\\",\\\"value\\\":false,\\\"info\\\":\\\"Hide the flips in 10 seconds message\\\",\\\"type\\\":\\\"Boolean\\\",\\\"category\\\":\\\"mod\\\"},{\\\"key\\\":\\\"modformat\\\",\\\"name\\\":\\\"Format\\\",\\\"value\\\":\\\"dkcakcbkcreCHIEFbkcakcdkcr: {1}{2} d{4} b a{5} 5lb(+{6} d{7}%) re{0}\\\",\\\"info\\\":\\\"Custom flip message format\\\",\\\"type\\\":\\\"String\\\",\\\"category\\\":\\\"mod\\\"},{\\\"key\\\":\\\"modblockedFormat\\\",\\\"name\\\":\\\"BlockedFormat\\\",\\\"value\\\":null,\\\"info\\\":\\\"Custom flip message format for blocked flips\\\",\\\"type\\\":\\\"String\\\",\\\"category\\\":\\\"mod\\\"},{\\\"key\\\":\\\"modchat\\\",\\\"name\\\":\\\"Chat\\\",\\\"value\\\":true,\\\"info\\\":\\\"Is the chat enabled\\\",\\\"type\\\":\\\"Boolean\\\",\\\"category\\\":\\\"mod\\\"},{\\\"key\\\":\\\"modcountdown\\\",\\\"name\\\":\\\"DisplayTimer\\\",\\\"value\\\":true,\\\"info\\\":\\\"Show the timer\\\",\\\"type\\\":\\\"Boolean\\\",\\\"category\\\":\\\"mod\\\"},{\\\"key\\\":\\\"modhideNoBestFlip\\\",\\\"name\\\":\\\"HideNoBestFlip\\\",\\\"value\\\":false,\\\"info\\\":\\\"Hides the message from the hotkey\\\",\\\"type\\\":\\\"Boolean\\\",\\\"category\\\":\\\"mod\\\"},{\\\"key\\\":\\\"modtimerX\\\",\\\"name\\\":\\\"TimerX\\\",\\\"value\\\":0,\\\"info\\\":\\\"<---> position in percent\\\",\\\"type\\\":\\\"Int32\\\",\\\"category\\\":\\\"mod\\\"},{\\\"key\\\":\\\"modtimerY\\\",\\\"name\\\":\\\"TimerY\\\",\\\"value\\\":0,\\\"info\\\":\\\"up/down position in percent\\\",\\\"type\\\":\\\"Int32\\\",\\\"category\\\":\\\"mod\\\"},{\\\"key\\\":\\\"modtimerSeconds\\\",\\\"name\\\":\\\"TimerSeconds\\\",\\\"value\\\":0,\\\"info\\\":\\\"how many seconds before the update the timer should be shown\\\",\\\"type\\\":\\\"Int32\\\",\\\"category\\\":\\\"mod\\\"},{\\\"key\\\":\\\"modtimerScale\\\",\\\"name\\\":\\\"TimerScale\\\",\\\"value\\\":0.0,\\\"info\\\":\\\"What scale the timer should be displayed with\\\",\\\"type\\\":\\\"Single\\\",\\\"category\\\":\\\"mod\\\"},{\\\"key\\\":\\\"modtimerPrefix\\\",\\\"name\\\":\\\"TimerPrefix\\\",\\\"value\\\":null,\\\"info\\\":\\\"Custom text to put in front of the timer\\\",\\\"type\\\":\\\"String\\\",\\\"category\\\":\\\"mod\\\"},{\\\"key\\\":\\\"modtimerPrecision\\\",\\\"name\\\":\\\"TimerPrecision\\\",\\\"value\\\":0,\\\"info\\\":\\\"How many digits the timer should target (3)\\\",\\\"type\\\":\\\"Int32\\\",\\\"category\\\":\\\"mod\\\"},{\\\"key\\\":\\\"modblockedMsg\\\",\\\"name\\\":\\\"MinutesBetweenBlocked\\\",\\\"value\\\":0,\\\"info\\\":\\\"How many minutes to have pass before showing the x amounts of flips blocked message again, max is 127\\\",\\\"type\\\":\\\"SByte\\\",\\\"category\\\":\\\"mod\\\"},{\\\"key\\\":\\\"modmaxPercentOfPurse\\\",\\\"name\\\":\\\"MaxPercentOfPurse\\\",\\\"value\\\":0,\\\"info\\\":\\\"The maximum amount of your purse you are willing to spend on a single flip\\\",\\\"type\\\":\\\"Int16\\\",\\\"category\\\":\\\"mod\\\"},{\\\"key\\\":\\\"modnoBedDelay\\\",\\\"name\\\":\\\"NoBedDelay\\\",\\\"value\\\":false,\\\"info\\\":\\\"Don't delay bed flips, send them imediately instead\\\",\\\"type\\\":\\\"Boolean\\\",\\\"category\\\":\\\"mod\\\"},{\\\"key\\\":\\\"modstreamerMode\\\",\\\"name\\\":\\\"StreamerMode\\\",\\\"value\\\":false,\\\"info\\\":\\\"Hide any personal data and reduce sounds\\\",\\\"type\\\":\\\"Boolean\\\",\\\"category\\\":\\\"mod\\\"},{\\\"key\\\":\\\"modautoStartFlipper\\\",\\\"name\\\":\\\"AutoStartFlipper\\\",\\\"value\\\":true,\\\"info\\\":\\\"Start showing flips automatically when joining skyblock\\\",\\\"type\\\":\\\"Boolean\\\",\\\"category\\\":\\\"mod\\\"},{\\\"key\\\":\\\"modnormalSoldFlips\\\",\\\"name\\\":\\\"NormalSoldFlips\\\",\\\"value\\\":false,\\\"info\\\":\\\"Don't add [SOLD] to sold flips, send them normally instead\\\",\\\"type\\\":\\\"Boolean\\\",\\\"category\\\":\\\"mod\\\"},{\\\"key\\\":\\\"modtempBlacklistSpam\\\",\\\"name\\\":\\\"TempBlacklistSpam\\\",\\\"value\\\":false,\\\"info\\\":\\\"Autmatically add items to the blacklist for 8 hours if they show up more than 5 times in 2 minutes\\\",\\\"type\\\":\\\"Boolean\\\",\\\"category\\\":\\\"mod\\\"},{\\\"key\\\":\\\"moddataOnlyMode\\\",\\\"name\\\":\\\"AhDataOnlyMode\\\",\\\"value\\\":false,\\\"info\\\":\\\"don't show flips only add useful data\\\",\\\"type\\\":\\\"Boolean\\\",\\\"category\\\":\\\"mod\\\"},{\\\"key\\\":\\\"modahListHours\\\",\\\"name\\\":\\\"AhListTimeTarget\\\",\\\"value\\\":0,\\\"info\\\":\\\"Ah list time target in hours\\\",\\\"type\\\":\\\"Int32\\\",\\\"category\\\":\\\"mod\\\"},{\\\"key\\\":\\\"modquickSell\\\",\\\"name\\\":\\\"QuickSell\\\",\\\"value\\\":false,\\\"info\\\":\\\"Sell items as fast as possible\\\",\\\"type\\\":\\\"Boolean\\\",\\\"category\\\":\\\"mod\\\"},{\\\"key\\\":\\\"modmaxItemsInInventory\\\",\\\"name\\\":\\\"MaxFlipItemsInInventory\\\",\\\"value\\\":0,\\\"info\\\":\\\"The maximum amount of flips to buy and store in inventory\\\",\\\"type\\\":\\\"Int32\\\",\\\"category\\\":\\\"mod\\\"},{\\\"key\\\":\\\"moddisableSpamProtection\\\",\\\"name\\\":\\\"DisableSpamProtection\\\",\\\"value\\\":false,\\\"info\\\":\\\"Disables spam protection. By default only ~5 most valuable flips are shown that fit the settings. CAUTION: This can lead to spam flips\\\",\\\"type\\\":\\\"Boolean\\\",\\\"category\\\":\\\"mod\\\"},{\\\"key\\\":\\\"showcost\\\",\\\"name\\\":\\\"Cost\\\",\\\"value\\\":true,\\\"info\\\":\\\"Show the cost of a flip\\\",\\\"type\\\":\\\"Boolean\\\",\\\"category\\\":\\\"visibility\\\"},{\\\"key\\\":\\\"showestProfit\\\",\\\"name\\\":\\\"EstimatedProfit\\\",\\\"value\\\":true,\\\"info\\\":\\\"Estimated profit, based on estimated sell -(ah tax)\\\",\\\"type\\\":\\\"Boolean\\\",\\\"category\\\":\\\"visibility\\\"},{\\\"key\\\":\\\"showlbin\\\",\\\"name\\\":\\\"LowestBin\\\",\\\"value\\\":false,\\\"info\\\":\\\"Show closest lowest bin (adds a few ms)\\\",\\\"type\\\":\\\"Boolean\\\",\\\"category\\\":\\\"visibility\\\"},{\\\"key\\\":\\\"showslbin\\\",\\\"name\\\":\\\"SecondLowestBin\\\",\\\"value\\\":false,\\\"info\\\":\\\"Second lowest bin (adds a few ms)\\\",\\\"type\\\":\\\"Boolean\\\",\\\"category\\\":\\\"visibility\\\"},{\\\"key\\\":\\\"showmedPrice\\\",\\\"name\\\":\\\"MedianPrice\\\",\\\"value\\\":true,\\\"info\\\":\\\"Show median/target price, equals lbin if sniper\\\",\\\"type\\\":\\\"Boolean\\\",\\\"category\\\":\\\"visibility\\\"},{\\\"key\\\":\\\"showseller\\\",\\\"name\\\":\\\"Seller\\\",\\\"value\\\":false,\\\"info\\\":\\\"Show the sellers name (adds a few ms)\\\",\\\"type\\\":\\\"Boolean\\\",\\\"category\\\":\\\"visibility\\\"},{\\\"key\\\":\\\"showvolume\\\",\\\"name\\\":\\\"Volume\\\",\\\"value\\\":true,\\\"info\\\":\\\"Show the average sell volume in 24 hours\\\",\\\"type\\\":\\\"Boolean\\\",\\\"category\\\":\\\"visibility\\\"},{\\\"key\\\":\\\"showextraFields\\\",\\\"name\\\":\\\"ExtraInfoMax\\\",\\\"value\\\":0,\\\"info\\\":\\\"How many extra information fields to display below the flip\\\",\\\"type\\\":\\\"Int32\\\",\\\"category\\\":\\\"visibility\\\"},{\\\"key\\\":\\\"showprofitPercent\\\",\\\"name\\\":\\\"ProfitPercentage\\\",\\\"value\\\":true,\\\"info\\\":\\\"Show profit percentage\\\",\\\"type\\\":\\\"Boolean\\\",\\\"category\\\":\\\"visibility\\\"},{\\\"key\\\":\\\"showprofit\\\",\\\"name\\\":\\\"Profit\\\",\\\"value\\\":false,\\\"info\\\":\\\"Show absolute amount of profit\\\",\\\"type\\\":\\\"Boolean\\\",\\\"category\\\":\\\"visibility\\\"},{\\\"key\\\":\\\"showsellerOpenBtn\\\",\\\"name\\\":\\\"SellerOpenButton\\\",\\\"value\\\":true,\\\"info\\\":\\\"Display a button to open the sellers ah\\\",\\\"type\\\":\\\"Boolean\\\",\\\"category\\\":\\\"visibility\\\"},{\\\"key\\\":\\\"showlore\\\",\\\"name\\\":\\\"Lore\\\",\\\"value\\\":true,\\\"info\\\":\\\"Show the item description in hover text\\\",\\\"type\\\":\\\"Boolean\\\",\\\"category\\\":\\\"visibility\\\"},{\\\"key\\\":\\\"showhideSold\\\",\\\"name\\\":\\\"HideSoldAuction\\\",\\\"value\\\":false,\\\"info\\\":\\\"Prevents sold auctions from showing\\\",\\\"type\\\":\\\"Boolean\\\",\\\"category\\\":\\\"visibility\\\"},{\\\"key\\\":\\\"showhideManipulated\\\",\\\"name\\\":\\\"HideManipulated\\\",\\\"value\\\":false,\\\"info\\\":\\\"Prevents manipulated bazaar items from showing up\\\",\\\"type\\\":\\\"Boolean\\\",\\\"category\\\":\\\"visibility\\\"},{\\\"key\\\":\\\"privacyCollectChat\\\",\\\"name\\\":\\\"CollectChat\\\",\\\"value\\\":true,\\\"info\\\":\\\"Allow collection of limited amount of chat content to track eg. trades, drops, ah and bazaar events \\\",\\\"type\\\":\\\"Boolean\\\",\\\"category\\\":\\\"privacy\\\"},{\\\"key\\\":\\\"privacyCollectInventory\\\",\\\"name\\\":\\\"CollectInventory\\\",\\\"value\\\":true,\\\"info\\\":\\\"Upload chest and inventory content (required for trade tracking)\\\",\\\"type\\\":\\\"Boolean\\\",\\\"category\\\":\\\"privacy\\\"},{\\\"key\\\":\\\"privacyDisableTradeStoring\\\",\\\"name\\\":\\\"DisableTradeStoring\\\",\\\"value\\\":false,\\\"info\\\":\\\"Stop trades from being stored\\\",\\\"type\\\":\\\"Boolean\\\",\\\"category\\\":\\\"privacy\\\"},{\\\"key\\\":\\\"privacyCollectTab\\\",\\\"name\\\":\\\"CollectTab\\\",\\\"value\\\":false,\\\"info\\\":\\\"Read and upload tab contents when joining server (detect profile type, server and island location)\\\",\\\"type\\\":\\\"Boolean\\\",\\\"category\\\":\\\"privacy\\\"},{\\\"key\\\":\\\"privacyCollectScoreboard\\\",\\\"name\\\":\\\"CollectScoreboard\\\",\\\"value\\\":true,\\\"info\\\":\\\"Read and upload scoreboard peridicly to detect purse\\\",\\\"type\\\":\\\"Boolean\\\",\\\"category\\\":\\\"privacy\\\"},{\\\"key\\\":\\\"privacyCollectInvClick\\\",\\\"name\\\":\\\"CollectInvClick\\\",\\\"value\\\":false,\\\"info\\\":\\\"Collect which item was clicked in chest (not actually used)\\\",\\\"type\\\":\\\"Boolean\\\",\\\"category\\\":\\\"privacy\\\"},{\\\"key\\\":\\\"privacyCollectChatClicks\\\",\\\"name\\\":\\\"CollectChatClicks\\\",\\\"value\\\":true,\\\"info\\\":\\\"Collect clicks on chat messages\\\",\\\"type\\\":\\\"Boolean\\\",\\\"category\\\":\\\"privacy\\\"},{\\\"key\\\":\\\"privacyCollectLobbyChanges\\\",\\\"name\\\":\\\"CollectLobbyChanges\\\",\\\"value\\\":false,\\\"info\\\":\\\"Collect which server you are on\\\",\\\"type\\\":\\\"Boolean\\\",\\\"category\\\":\\\"privacy\\\"},{\\\"key\\\":\\\"privacyCollectEntities\\\",\\\"name\\\":\\\"CollectEntities\\\",\\\"value\\\":false,\\\"info\\\":\\\"Collect entities near you (1.6.x mod feature)\\\",\\\"type\\\":\\\"Boolean\\\",\\\"category\\\":\\\"privacy\\\"},{\\\"key\\\":\\\"privacyCollectLocation\\\",\\\"name\\\":\\\"CollectLocation\\\",\\\"value\\\":false,\\\"info\\\":\\\"Collect player position and orientation\\\",\\\"type\\\":\\\"Boolean\\\",\\\"category\\\":\\\"privacy\\\"},{\\\"key\\\":\\\"privacyExtendDescriptions\\\",\\\"name\\\":\\\"ExtendDescriptions\\\",\\\"value\\\":true,\\\"info\\\":\\\"Extend item descriptions (configure with /cofl lore)\\\",\\\"type\\\":\\\"Boolean\\\",\\\"category\\\":\\\"privacy\\\"},{\\\"key\\\":\\\"privacyAutoStart\\\",\\\"name\\\":\\\"AutoStart\\\",\\\"value\\\":true,\\\"info\\\":\\\"Autostart when joining skyblock\\\",\\\"type\\\":\\\"Boolean\\\",\\\"category\\\":\\\"privacy\\\"},{\\\"key\\\":\\\"loreHighlightFilterMatch\\\",\\\"name\\\":\\\"HighlightFilterMatch\\\",\\\"value\\\":true,\\\"info\\\":\\\"Highlight items in ah and trade windows when matching black or whitelist filter\\\",\\\"type\\\":\\\"Boolean\\\",\\\"category\\\":\\\"general\\\"},{\\\"key\\\":\\\"loreMinProfitForHighlight\\\",\\\"name\\\":\\\"MinProfitForHighlight\\\",\\\"value\\\":0,\\\"info\\\":\\\"What is the minimum profit for highlighting best flip on page\\\",\\\"type\\\":\\\"Int64\\\",\\\"category\\\":\\\"general\\\"}]\"}]}"}
1729360413195: [MVP+] Luga2475 spooked into the lobby!
1729360414179: [MVP+] perjanni spooked into the lobby!
1729360414423: [MVP+] UmItzTripp spooked into the lobby!
1729360415180: [MVP+] levoxt spooked into the lobby!
1729360415822: [MVP+] Kevzs spooked into the lobby!
1729360418828: [MVP+] schorsch05 spooked into the lobby!
1729360421145: [Coflnet]: Your filter blocked 515 in the last minute  
1729360422336: [MVP+] INeedRNG spooked into the lobby!
1729360423598: {"server":"dynamiclobby9E","gametype":"PROTOTYPE","lobbyname":"prototypelobby2"}
1729360424069: not getting ready!!!
1729360424531: [MVP+] Saiune spooked into the lobby!
1729360425863: [MVP+] GaeulQt spooked into the lobby!
1729360426234: [MVP+] OllieQT spooked into the lobby!
1729360426607: Moving to /skyblock
1729360426608: Set state to moving
1729360426608: Move check: confirming: true. Instance true. Evaluate false
1729360426670: Sending to server mini93S...
1729360426838: Move check: confirming: true. Instance false. Evaluate true
1729360429330: Welcome to Hypixel SkyBlock!
1729360429330: MAINTENANCE!
1729360429331:  SkyBlock will be temporarily unavailable on October 21st @ 12am EDT for maintenance.
1729360429331:  Check the status page for more info: https://status.hypixel.net
1729360429332: Latest update: SkyBlock v0.20.7 CLICK
1729360430329: You are playing on profile: Pomegranate
1729360430332: Profile ID: 0449b5a5-2eb7-4d3a-ac97-eee3de7eb2f2
1729360436960: A FIRE SALE A Selling an item for a limited time!    Fenrir Wolf Skin (4,616 left) [WARP] To Elizabeth in the next 3d 22h 6m to grab yours!
1729360446667: {"server":"mini93S","gametype":"SKYBLOCK","mode":"hub","map":"Hub"}
1729360447341: not getting ready!!!
1729360449675: Moving to /is
1729360449675: Set state to moving
1729360449675: Move check: confirming: true. Instance true. Evaluate false
1729360449748: Warping you to your SkyBlock island...
1729360450006: Sending to server mini84CC...
1729360450215: Move check: confirming: true. Instance false. Evaluate true
1729360453440: You are playing on profile: Pomegranate
1729360453440: Profile ID: 0449b5a5-2eb7-4d3a-ac97-eee3de7eb2f2
1729360456706: [Coflnet]: Flips in 10 seconds
1729360469589: Stripped 6Reinforced Necromancer Lord Leggings 68! => Reinforced Necromancer Lord Leggings 
1729360469590: [TPM] Can't open flips while moving :(
1729360469590: Found flip 9d18bb792d3f46ca98b6dfae2d4d9a83
1729360469590: [TPM] Pigl3tti is trying to purchase Reinforced Necromancer Lord Leggings ! for 3.2M (target 4.1M)
1729360469745: {"server":"mini84CC","gametype":"SKYBLOCK","mode":"dynamic","map":"Private Island"}
1729360469843: Finding player...
1729360470221: Got new window {"italic":false,"extra":[{"text":"Visit LasagnenFighter"}],"text":""}, 1
1729360470588: Stripped 6 Spirit Shortbow8! =>  Spirit Shortbow
1729360470588: [TPM] Can't open flips while moving :(
1729360470588: Found flip 917085e4da5f48ba9b5a23fdc5673b3e
1729360470589: [TPM] Pigl3tti is trying to purchase  Spirit Shortbow! for 4.0M (target 5.3M)
1729360470624: Sending a visit request...
1729360470722: not getting ready!!!
1729360471134: Sending to server mini146AG...
1729360471519: Move check: confirming: false. Instance false. Evaluate false
1729360472411: -----------------------------------------------------You should NEVER enter your Microsoft account details anywhere but on official Microsoft services!External links from untrusted sources should be avoided.-----------------------------------------------------
1729360474766: You are playing on profile: Pomegranate
1729360474773: Profile ID: 0449b5a5-2eb7-4d3a-ac97-eee3de7eb2f2
1729360481229: [Coflnet]: Your filter blocked 801 in the last minute  
1729360491550: {"server":"mini146AG","gametype":"SKYBLOCK","mode":"dynamic","map":"Private Island"}
1729360491550: Set state to getting ready
1729360492021: Recent purse null. Current found 74334794. Recent: null
1729360492021: getting ready!
1729360492064: Got new window {"italic":false,"extra":[{"text":"Profile Management"}],"text":""}, 1
1729360492317: max slots set to 14
1729360492633: Recent purse 74334794. Current found 74334794. Recent: null
1729360492644: Move check: confirming: false. Instance false. Evaluate false
1729360492644: [TPM] Cookie gone!!!
1729360492644: Set state to null
1729360492644: No window found for closing
1729360492645: You need the Cookie Buff to use this command!
1729360492645: Obtain a Booster Cookie from the community shop in the hub!
1729360497580: No window found for clicking 15
1729360502587: Error getting relist ready! Not going to use relist for undefined TypeError: Cannot read properties of null (reading 'slots')
1729360502587: No window found for closing
1729360502587: Set state to null
